<?xml version="1.0" encoding="UTF-8" ?>
<testsuite tests="19" failures="0" name="com.basic.Multi.RunMyMultiTest" time="0.001" errors="0" skipped="0">
  <properties>
[...]
</properties>
  <testcase classname="Scenario: Check first name and last name61" name="Given User need to be on demo site page" time="0"/>
  <testcase classname="Scenario: Check first name and last name61" name="When User enters first name" time="0"/>
  <testcase classname="Scenario: Check first name and last name61" name="When User enters last name" time="0"/>
  <testcase classname="Scenario: Check first name and last name61" name="Scenario: Check first name and last name61" time="0"/>
  <testcase classname="Scenario: Validate search field71" name="Given User need to be on google page" time="0"/>
  <testcase classname="Scenario: Validate search field71" name="When User enters search string" time="0"/>
  <testcase classname="Scenario: Validate search field71" name="Scenario: Validate search field71" time="0"/>
  <testcase classname="Scenario: Validate First Name Field81" name="Given User need to be on Facebook login page" time="0"/>
  <testcase classname="Scenario: Validate First Name Field81" name="When User enters user &quot;David&quot; first name" time="0"/>
  <testcase classname="Scenario: Validate First Name Field81" name="Then User checks user &quot;David&quot; first name is present" time="0"/>
  <testcase classname="Scenario: Validate First Name Field81" name="Then Close browser" time="0"/>
  <testcase classname="Scenario: Validate First Name Field81" name="Scenario: Validate First Name Field81" time="0.001"/>
  <testcase classname="Scenario: Validate create user multiple fields82" name="Given User need to be on Facebook login page" time="0"/>
  <testcase classname="Scenario: Validate create user multiple fields82" name="When User enters user &quot;Ryan&quot; first name" time="0"/>
  <testcase classname="Scenario: Validate create user multiple fields82" name="And User enters user &quot;Jack&quot; surname" time="0"/>
  <testcase classname="Scenario: Validate create user multiple fields82" name="Then User checks user &quot;Ryan&quot; first name is present" time="0"/>
  <testcase classname="Scenario: Validate create user multiple fields82" name="Then User Mobile field should be blank" time="0"/>
  <testcase classname="Scenario: Validate create user multiple fields82" name="Then Close browser" time="0"/>
  <testcase classname="Scenario: Validate create user multiple fields82" name="Scenario: Validate create user multiple fields82" time="0"/>
</testsuite>